3.8991 	WARNING 	Import Error: No module named 'psychtoolbox'. Using event module for keyboard component.
5.8594 	WARNING 	User requested fullscreen with size [1024  768], but screen is actually [1920, 1080]. Using actual size
7.0589 	EXP 	Created window1 = Window(allowGUI=False, allowStencil=False, args=UNKNOWN, autoLog=True, bitsMode=UNKNOWN, blendMode='avg', color=array([0., 0., 0.]), colorSpace='rgb', fullscr=<method-wrapper '__getattribute__' of attributeSetter object at 0x0A07B350>, gamma=None, kwargs=UNKNOWN, lms=UNKNOWN, monitor=<psychopy.monitors.calibTools.Monitor object at 0x0A247FB0>, multiSample=False, name='window1', numSamples=2, pos=[0.0, 0.0], screen=0, size=array([1920, 1080]), stereo=False, units='height', useFBO=True, useRetina=False, viewOri=0.0, viewPos=None, viewScale=None, waitBlanking=True, winType='pyglet')
7.0590 	EXP 	window1: recordFrameIntervals = False
7.2256 	EXP 	window1: recordFrameIntervals = True
7.4091 	EXP 	window1: recordFrameIntervals = False
7.7332 	EXP 	Created text = TextStim(__class__=<class 'psychopy.visual.text.TextStim'>, alignHoriz='center', alignVert='center', antialias=True, autoLog=True, bold=False, color='white', colorSpace='named', contrast=1.0, depth=0.0, flipHoriz=False, flipVert=False, font='Arial', fontFiles=[], height=0.1, italic=False, languageStyle='LTR', name='text', opacity=1.0, ori=0, pos=array([0., 0.]), rgb=array([255., 255., 255.]), text='default text', units='height', win=Window(...), wrapWidth=1)
7.7411 	EXP 	Created image = ImageStim(__class__=<class 'psychopy.visual.image.ImageStim'>, autoLog=True, color=array([1., 1., 1.]), colorSpace='rgb', contrast=1.0, depth=0.0, flipHoriz=False, flipVert=False, image='sin', interpolate=True, mask=None, maskParams=None, name='image', opacity=1.0, ori=0.0, pos=array([0., 0.]), size=array([0.5, 0.5]), texRes=128, units='height', win=Window(...))
7.7479 	EXP 	Created text_2 = TextStim(__class__=<class 'psychopy.visual.text.TextStim'>, alignHoriz='center', alignVert='center', antialias=True, autoLog=True, bold=False, color='white', colorSpace='named', contrast=1.0, depth=0.0, flipHoriz=False, flipVert=False, font='Arial', fontFiles=[], height=0.1, italic=False, languageStyle='LTR', name='text_2', opacity=1.0, ori=0, pos=array([0., 0.]), rgb=array([255., 255., 255.]), text='default text', units='height', win=Window(...), wrapWidth=1)
7.8540 	EXP 	text: text = 'Please say in loud voice the name of the following pictures in the language requested\nPress any key to start'
7.8540 	EXP 	text: autoDraw = True
13.9559 	DATA 	Keypress: space
14.0614 	EXP 	Imported conditions.xlsx as conditions, 9 conditions, 1 params
14.0621 	EXP 	Created sequence: random, trialTypes=9, nReps=1, seed=None
14.0627 	EXP 	New trial (rep=0, index=0): OrderedDict([('images', 'images/mariposa9.png')])
14.1558 	EXP 	text: autoDraw = False
14.1558 	EXP 	image: image = 'images/mariposa9.png'
14.1558 	EXP 	image: autoDraw = True
15.5053 	DATA 	Keypress: space
15.5092 	EXP 	New trial (rep=0, index=1): OrderedDict([('images', 'images/mano1.png')])
15.6908 	EXP 	image: autoDraw = False
15.6908 	EXP 	image: image = 'images/mano1.png'
15.6908 	EXP 	image: autoDraw = True
16.7879 	DATA 	Keypress: space
16.7907 	EXP 	New trial (rep=0, index=2): OrderedDict([('images', 'images/libro8.png')])
16.8789 	EXP 	image: autoDraw = False
16.8789 	EXP 	image: image = 'images/libro8.png'
16.8789 	EXP 	image: autoDraw = True
17.5706 	DATA 	Keypress: space
17.5733 	EXP 	New trial (rep=0, index=3): OrderedDict([('images', 'images/perro2.png')])
17.6499 	EXP 	image: autoDraw = False
17.6499 	EXP 	image: image = 'images/perro2.png'
17.6499 	EXP 	image: autoDraw = True
18.0038 	DATA 	Keypress: space
18.0070 	EXP 	New trial (rep=0, index=4): OrderedDict([('images', 'images/puerta5.png')])
18.1544 	EXP 	image: autoDraw = False
18.1544 	EXP 	image: image = 'images/puerta5.png'
18.1544 	EXP 	image: autoDraw = True
18.3710 	DATA 	Keypress: space
18.3889 	EXP 	New trial (rep=0, index=5): OrderedDict([('images', 'images/sol7.png')])
18.4997 	EXP 	image: autoDraw = False
18.4997 	EXP 	image: image = 'images/sol7.png'
18.4997 	EXP 	image: autoDraw = True
18.8202 	DATA 	Keypress: space
18.8229 	EXP 	New trial (rep=0, index=6): OrderedDict([('images', 'images/arbol.png')])
18.9553 	EXP 	image: autoDraw = False
18.9553 	EXP 	image: image = 'images/arbol.png'
18.9553 	EXP 	image: autoDraw = True
19.2031 	DATA 	Keypress: space
19.2060 	EXP 	New trial (rep=0, index=7): OrderedDict([('images', 'images/cama4.png')])
19.2993 	EXP 	image: autoDraw = False
19.2993 	EXP 	image: image = 'images/cama4.png'
19.2993 	EXP 	image: autoDraw = True
19.5533 	DATA 	Keypress: space
19.5717 	EXP 	New trial (rep=0, index=8): OrderedDict([('images', 'images/tijera10.png')])
19.6507 	EXP 	image: autoDraw = False
19.6507 	EXP 	image: image = 'images/tijera10.png'
19.6507 	EXP 	image: autoDraw = True
19.9026 	DATA 	Keypress: space
19.9767 	EXP 	image: autoDraw = False
19.9767 	EXP 	text_2: text = 'Thanks for your participation\n'
19.9767 	EXP 	text_2: autoDraw = True
20.1694 	DATA 	Keypress: space
20.9185 	EXP 	text_2: autoDraw = False
20.9185 	EXP 	text_2: autoDraw = False
20.9864 	EXP 	window1: mouseVisible = True
