4.6224 	WARNING 	Import Error: No module named 'psychtoolbox'. Using event module for keyboard component.
7.5219 	WARNING 	User requested fullscreen with size [1024  768], but screen is actually [1920, 1080]. Using actual size
8.8807 	EXP 	Created window1 = Window(allowGUI=False, allowStencil=False, args=UNKNOWN, autoLog=True, bitsMode=UNKNOWN, blendMode='avg', color=array([0., 0., 0.]), colorSpace='rgb', fullscr=<method-wrapper '__getattribute__' of attributeSetter object at 0x0A246110>, gamma=None, kwargs=UNKNOWN, lms=UNKNOWN, monitor=<psychopy.monitors.calibTools.Monitor object at 0x09E4BD70>, multiSample=False, name='window1', numSamples=2, pos=[0.0, 0.0], screen=0, size=array([1920, 1080]), stereo=False, units='height', useFBO=True, useRetina=False, viewOri=0.0, viewPos=None, viewScale=None, waitBlanking=True, winType='pyglet')
8.8808 	EXP 	window1: recordFrameIntervals = False
9.0417 	EXP 	window1: recordFrameIntervals = True
9.2255 	EXP 	window1: recordFrameIntervals = False
9.3158 	EXP 	Created image = ImageStim(__class__=<class 'psychopy.visual.image.ImageStim'>, autoLog=True, color=array([1., 1., 1.]), colorSpace='rgb', contrast=1.0, depth=0.0, flipHoriz=False, flipVert=False, image='sin', interpolate=True, mask=None, maskParams=None, name='image', opacity=1.0, ori=0.0, pos=array([0., 0.]), size=array([0.5, 0.5]), texRes=128, units='height', win=Window(...))
9.4078 	EXP 	Imported conditions.xlsx as conditions, 9 conditions, 1 params
9.4127 	EXP 	Created sequence: random, trialTypes=9, nReps=1, seed=None
9.4133 	EXP 	New trial (rep=0, index=0): OrderedDict([('images', 'images/mariposa9.png')])
9.5483 	EXP 	image: image = 'images/mariposa9.png'
9.5483 	EXP 	image: autoDraw = True
12.7571 	DATA 	Keypress: space
12.7621 	EXP 	New trial (rep=0, index=1): OrderedDict([('images', 'images/libro8.png')])
12.8545 	EXP 	image: autoDraw = False
12.8545 	EXP 	image: image = 'images/libro8.png'
12.8545 	EXP 	image: autoDraw = True
14.1396 	DATA 	Keypress: space
14.1424 	EXP 	New trial (rep=0, index=2): OrderedDict([('images', 'images/sol7.png')])
14.2430 	EXP 	image: autoDraw = False
14.2430 	EXP 	image: image = 'images/sol7.png'
14.2430 	EXP 	image: autoDraw = True
15.9722 	DATA 	Keypress: space
15.9750 	EXP 	New trial (rep=0, index=3): OrderedDict([('images', 'images/puerta5.png')])
16.1030 	EXP 	image: autoDraw = False
16.1030 	EXP 	image: image = 'images/puerta5.png'
16.1030 	EXP 	image: autoDraw = True
17.5712 	DATA 	Keypress: space
17.5739 	EXP 	New trial (rep=0, index=4): OrderedDict([('images', 'images/perro2.png')])
17.6590 	EXP 	image: autoDraw = False
17.6590 	EXP 	image: image = 'images/perro2.png'
17.6590 	EXP 	image: autoDraw = True
18.7205 	DATA 	Keypress: space
18.7233 	EXP 	New trial (rep=0, index=5): OrderedDict([('images', 'images/arbol.png')])
18.8718 	EXP 	image: autoDraw = False
18.8718 	EXP 	image: image = 'images/arbol.png'
18.8718 	EXP 	image: autoDraw = True
19.7533 	DATA 	Keypress: space
19.7561 	EXP 	New trial (rep=0, index=6): OrderedDict([('images', 'images/tijera10.png')])
19.8462 	EXP 	image: autoDraw = False
19.8462 	EXP 	image: image = 'images/tijera10.png'
19.8462 	EXP 	image: autoDraw = True
20.5864 	DATA 	Keypress: space
20.5893 	EXP 	New trial (rep=0, index=7): OrderedDict([('images', 'images/mano1.png')])
20.7651 	EXP 	image: autoDraw = False
20.7651 	EXP 	image: image = 'images/mano1.png'
20.7651 	EXP 	image: autoDraw = True
21.6034 	DATA 	Keypress: space
21.6213 	EXP 	New trial (rep=0, index=8): OrderedDict([('images', 'images/cama4.png')])
21.7080 	EXP 	image: autoDraw = False
21.7080 	EXP 	image: image = 'images/cama4.png'
21.7080 	EXP 	image: autoDraw = True
22.4522 	DATA 	Keypress: space
22.4683 	EXP 	image: autoDraw = False
22.6007 	EXP 	window1: mouseVisible = True
