7.5824 	WARNING 	Import Error: No module named 'psychtoolbox'. Using event module for keyboard component.
10.9391 	WARNING 	User requested fullscreen with size [1024  768], but screen is actually [1920, 1080]. Using actual size
16.7563 	EXP 	Created window1 = Window(allowGUI=False, allowStencil=False, args=UNKNOWN, autoLog=True, bitsMode=UNKNOWN, blendMode='avg', color=array([0., 0., 0.]), colorSpace='rgb', fullscr=<method-wrapper '__getattribute__' of attributeSetter object at 0x119CC390>, gamma=None, kwargs=UNKNOWN, lms=UNKNOWN, monitor=<psychopy.monitors.calibTools.Monitor object at 0x11977FF0>, multiSample=False, name='window1', numSamples=2, pos=[0.0, 0.0], screen=0, size=array([1920, 1080]), stereo=False, units='height', useFBO=True, useRetina=False, viewOri=0.0, viewPos=None, viewScale=None, waitBlanking=True, winType='pyglet')
16.7565 	EXP 	window1: recordFrameIntervals = False
16.9193 	EXP 	window1: recordFrameIntervals = True
17.1019 	EXP 	window1: recordFrameIntervals = False
17.3348 	EXP 	Created text = TextStim(__class__=<class 'psychopy.visual.text.TextStim'>, alignHoriz='center', alignVert='center', antialias=True, autoLog=True, bold=False, color='white', colorSpace='named', contrast=1.0, depth=0.0, flipHoriz=False, flipVert=False, font='Arial', fontFiles=[], height=0.1, italic=False, languageStyle='LTR', name='text', opacity=1.0, ori=0, pos=array([0., 0.]), rgb=array([255., 255., 255.]), text='default text', units='height', win=Window(...), wrapWidth=1)
17.3709 	EXP 	Created image = ImageStim(__class__=<class 'psychopy.visual.image.ImageStim'>, autoLog=True, color=array([1., 1., 1.]), colorSpace='rgb', contrast=1.0, depth=0.0, flipHoriz=False, flipVert=False, image='sin', interpolate=True, mask=None, maskParams=None, name='image', opacity=1.0, ori=0.0, pos=array([0., 0.]), size=array([0.5, 0.5]), texRes=128, units='height', win=Window(...))
17.3761 	EXP 	Created text_2 = TextStim(__class__=<class 'psychopy.visual.text.TextStim'>, alignHoriz='center', alignVert='center', antialias=True, autoLog=True, bold=False, color='white', colorSpace='named', contrast=1.0, depth=0.0, flipHoriz=False, flipVert=False, font='Arial', fontFiles=[], height=0.1, italic=False, languageStyle='LTR', name='text_2', opacity=1.0, ori=0, pos=array([0., 0.]), rgb=array([255., 255., 255.]), text='default text', units='height', win=Window(...), wrapWidth=1)
17.4764 	EXP 	text: text = 'Please say in loud voice the name of the following pictures in the language requested\nPress any key to start'
17.4764 	EXP 	text: autoDraw = True
22.4159 	DATA 	Keypress: space
22.5111 	EXP 	Imported conditions.xlsx as conditions, 67 conditions, 1 params
22.5146 	EXP 	Created sequence: random, trialTypes=67, nReps=1, seed=None
22.5150 	EXP 	New trial (rep=0, index=0): OrderedDict([('images', 'images/sol7.png')])
22.5945 	EXP 	text: autoDraw = False
22.5945 	EXP 	image: image = 'images/sol7.png'
22.5945 	EXP 	image: autoDraw = True
24.9482 	DATA 	Keypress: space
24.9544 	EXP 	New trial (rep=0, index=1): OrderedDict([('images', 'images/pez16.png')])
25.0466 	EXP 	image: autoDraw = False
25.0466 	EXP 	image: image = 'images/pez16.png'
25.0466 	EXP 	image: autoDraw = True
26.0308 	DATA 	Keypress: space
26.0335 	EXP 	New trial (rep=0, index=2): OrderedDict([('images', 'images/puerta5.png')])
26.2258 	EXP 	image: autoDraw = False
26.2258 	EXP 	image: image = 'images/puerta5.png'
26.2258 	EXP 	image: autoDraw = True
26.9967 	DATA 	Keypress: space
26.9996 	EXP 	New trial (rep=0, index=3): OrderedDict([('images', 'images/vela29.png')])
27.0922 	EXP 	image: autoDraw = False
27.0922 	EXP 	image: image = 'images/vela29.png'
27.0922 	EXP 	image: autoDraw = True
28.0633 	DATA 	Keypress: space
28.0661 	EXP 	New trial (rep=0, index=4): OrderedDict([('images', 'images/uva17.png')])
28.1697 	EXP 	image: autoDraw = False
28.1697 	EXP 	image: image = 'images/uva17.png'
28.1697 	EXP 	image: autoDraw = True
29.1628 	DATA 	Keypress: space
29.1814 	EXP 	New trial (rep=0, index=5): OrderedDict([('images', 'images/puente41.png')])
29.2801 	EXP 	image: autoDraw = False
29.2801 	EXP 	image: image = 'images/puente41.png'
29.2801 	EXP 	image: autoDraw = True
30.4118 	DATA 	Keypress: space
30.4147 	EXP 	New trial (rep=0, index=6): OrderedDict([('images', 'images/pluma39.png')])
30.4999 	EXP 	image: autoDraw = False
30.4999 	EXP 	image: image = 'images/pluma39.png'
30.4999 	EXP 	image: autoDraw = True
31.4449 	DATA 	Keypress: space
31.4477 	EXP 	New trial (rep=0, index=7): OrderedDict([('images', 'images/paracaidas60.png')])
31.5418 	EXP 	image: autoDraw = False
31.5418 	EXP 	image: image = 'images/paracaidas60.png'
31.5418 	EXP 	image: autoDraw = True
33.0601 	DATA 	Keypress: space
33.0635 	EXP 	New trial (rep=0, index=8): OrderedDict([('images', 'images/ballena46.png')])
33.1657 	EXP 	image: autoDraw = False
33.1657 	EXP 	image: image = 'images/ballena46.png'
33.1657 	EXP 	image: autoDraw = True
33.9606 	DATA 	Keypress: space
33.9638 	EXP 	New trial (rep=0, index=9): OrderedDict([('images', 'images/payaso31.png')])
34.0434 	EXP 	image: autoDraw = False
34.0434 	EXP 	image: image = 'images/payaso31.png'
34.0434 	EXP 	image: autoDraw = True
35.1442 	DATA 	Keypress: space
35.1473 	EXP 	New trial (rep=0, index=10): OrderedDict([('images', 'images/pozo58.png')])
35.2431 	EXP 	image: autoDraw = False
35.2431 	EXP 	image: image = 'images/pozo58.png'
35.2431 	EXP 	image: autoDraw = True
36.6594 	DATA 	Keypress: space
36.6774 	EXP 	New trial (rep=0, index=11): OrderedDict([('images', 'images/guante20.png')])
36.7648 	EXP 	image: autoDraw = False
36.7648 	EXP 	image: image = 'images/guante20.png'
36.7648 	EXP 	image: autoDraw = True
37.4923 	DATA 	Keypress: space
37.5103 	EXP 	New trial (rep=0, index=12): OrderedDict([('images', 'images/embudo63.png')])
37.5886 	EXP 	image: autoDraw = False
37.5886 	EXP 	image: image = 'images/embudo63.png'
37.5886 	EXP 	image: autoDraw = True
38.3911 	DATA 	Keypress: space
38.3940 	EXP 	New trial (rep=0, index=13): OrderedDict([('images', 'images/silla12.png')])
38.4708 	EXP 	image: autoDraw = False
38.4708 	EXP 	image: image = 'images/silla12.png'
38.4708 	EXP 	image: autoDraw = True
39.3403 	DATA 	Keypress: space
39.3433 	EXP 	New trial (rep=0, index=14): OrderedDict([('images', 'images/corbata28.png')])
39.4963 	EXP 	image: autoDraw = False
39.4963 	EXP 	image: image = 'images/corbata28.png'
39.4963 	EXP 	image: autoDraw = True
40.0398 	DATA 	Keypress: space
40.0428 	EXP 	New trial (rep=0, index=15): OrderedDict([('images', 'images/linterna36.png')])
40.1282 	EXP 	image: autoDraw = False
40.1282 	EXP 	image: image = 'images/linterna36.png'
40.1282 	EXP 	image: autoDraw = True
40.7729 	DATA 	Keypress: space
40.7757 	EXP 	New trial (rep=0, index=16): OrderedDict([('images', 'images/tornillo55.png')])
40.8550 	EXP 	image: autoDraw = False
40.8550 	EXP 	image: image = 'images/tornillo55.png'
40.8550 	EXP 	image: autoDraw = True
41.3897 	DATA 	Keypress: space
41.3925 	EXP 	New trial (rep=0, index=17): OrderedDict([('images', 'images/tambor19.png')])
41.4653 	EXP 	image: autoDraw = False
41.4653 	EXP 	image: image = 'images/tambor19.png'
41.4653 	EXP 	image: autoDraw = True
42.0224 	DATA 	Keypress: space
42.0253 	EXP 	New trial (rep=0, index=18): OrderedDict([('images', 'images/serrucho51.png')])
42.1078 	EXP 	image: autoDraw = False
42.1078 	EXP 	image: image = 'images/serrucho51.png'
42.1078 	EXP 	image: autoDraw = True
42.5887 	DATA 	Keypress: space
42.5915 	EXP 	New trial (rep=0, index=19): OrderedDict([('images', 'images/libro8.png')])
42.6650 	EXP 	image: autoDraw = False
42.6650 	EXP 	image: image = 'images/libro8.png'
42.6650 	EXP 	image: autoDraw = True
43.0219 	DATA 	Keypress: space
43.0248 	EXP 	New trial (rep=0, index=20): OrderedDict([('images', 'images/manzana15.png')])
43.1153 	EXP 	image: autoDraw = False
43.1153 	EXP 	image: image = 'images/manzana15.png'
43.1153 	EXP 	image: autoDraw = True
43.4550 	DATA 	Keypress: space
43.4578 	EXP 	New trial (rep=0, index=21): OrderedDict([('images', 'images/persiana61.png')])
43.5342 	EXP 	image: autoDraw = False
43.5342 	EXP 	image: image = 'images/persiana61.png'
43.5342 	EXP 	image: autoDraw = True
43.8919 	DATA 	Keypress: space
43.8947 	EXP 	New trial (rep=0, index=22): OrderedDict([('images', 'images/hoja27.png')])
43.9880 	EXP 	image: autoDraw = False
43.9880 	EXP 	image: image = 'images/hoja27.png'
43.9880 	EXP 	image: autoDraw = True
44.3877 	DATA 	Keypress: space
44.3906 	EXP 	New trial (rep=0, index=23): OrderedDict([('images', 'images/yunque66.png')])
44.4643 	EXP 	image: autoDraw = False
44.4643 	EXP 	image: image = 'images/yunque66.png'
44.4643 	EXP 	image: autoDraw = True
44.8224 	DATA 	Keypress: space
44.8395 	EXP 	New trial (rep=0, index=24): OrderedDict([('images', 'images/gorro26.png')])
44.9179 	EXP 	image: autoDraw = False
44.9179 	EXP 	image: image = 'images/gorro26.png'
44.9179 	EXP 	image: autoDraw = True
45.3046 	DATA 	Keypress: space
45.3074 	EXP 	New trial (rep=0, index=25): OrderedDict([('images', 'images/nube37.png')])
45.3940 	EXP 	image: autoDraw = False
45.3940 	EXP 	image: image = 'images/nube37.png'
45.3940 	EXP 	image: autoDraw = True
45.7540 	DATA 	Keypress: space
45.7567 	EXP 	New trial (rep=0, index=26): OrderedDict([('images', 'images/mancuerna68.png')])
45.8489 	EXP 	image: autoDraw = False
45.8489 	EXP 	image: image = 'images/mancuerna68.png'
45.8489 	EXP 	image: autoDraw = True
46.1870 	DATA 	Keypress: space
46.1900 	EXP 	New trial (rep=0, index=27): OrderedDict([('images', 'images/llave11.png')])
46.2668 	EXP 	image: autoDraw = False
46.2668 	EXP 	image: image = 'images/llave11.png'
46.2668 	EXP 	image: autoDraw = True
49.7860 	DATA 	Keypress: left
49.7888 	EXP 	New trial (rep=0, index=28): OrderedDict([('images', 'images/jaula48.png')])
49.8698 	EXP 	image: autoDraw = False
49.8698 	EXP 	image: image = 'images/jaula48.png'
49.8698 	EXP 	image: autoDraw = True
51.3676 	DATA 	Keypress: left
51.3705 	EXP 	New trial (rep=0, index=29): OrderedDict([('images', 'images/torta22.png')])
51.4519 	EXP 	image: autoDraw = False
51.4519 	EXP 	image: image = 'images/torta22.png'
51.4519 	EXP 	image: autoDraw = True
52.0176 	DATA 	Keypress: left
52.0203 	EXP 	New trial (rep=0, index=30): OrderedDict([('images', 'images/caracol43.png')])
52.0916 	EXP 	image: autoDraw = False
52.0916 	EXP 	image: image = 'images/caracol43.png'
52.0916 	EXP 	image: autoDraw = True
52.9503 	DATA 	Keypress: space
52.9530 	EXP 	New trial (rep=0, index=31): OrderedDict([('images', 'images/tenedor25.png')])
53.0457 	EXP 	image: autoDraw = False
53.0457 	EXP 	image: image = 'images/tenedor25.png'
53.0457 	EXP 	image: autoDraw = True
53.4330 	DATA 	Keypress: space
53.4360 	EXP 	New trial (rep=0, index=32): OrderedDict([('images', 'images/caballo18.png')])
53.5307 	EXP 	image: autoDraw = False
53.5307 	EXP 	image: image = 'images/caballo18.png'
53.5307 	EXP 	image: autoDraw = True
53.8174 	DATA 	Keypress: space
53.8350 	EXP 	New trial (rep=0, index=33): OrderedDict([('images', 'images/candado45.png')])
53.9152 	EXP 	image: autoDraw = False
53.9152 	EXP 	image: image = 'images/candado45.png'
53.9152 	EXP 	image: autoDraw = True
54.2164 	DATA 	Keypress: space
54.2192 	EXP 	New trial (rep=0, index=34): OrderedDict([('images', 'images/balancin35.png')])
54.2996 	EXP 	image: autoDraw = False
54.2996 	EXP 	image: image = 'images/balancin35.png'
54.2996 	EXP 	image: autoDraw = True
54.5327 	DATA 	Keypress: space
54.5355 	EXP 	New trial (rep=0, index=35): OrderedDict([('images', 'images/visagra62.png')])
54.6093 	EXP 	image: autoDraw = False
54.6093 	EXP 	image: image = 'images/visagra62.png'
54.6093 	EXP 	image: autoDraw = True
54.9657 	DATA 	Keypress: space
54.9686 	EXP 	New trial (rep=0, index=36): OrderedDict([('images', 'images/bufanda57.png')])
55.0490 	EXP 	image: autoDraw = False
55.0490 	EXP 	image: image = 'images/bufanda57.png'
55.0490 	EXP 	image: autoDraw = True
55.3489 	DATA 	Keypress: space
55.3516 	EXP 	New trial (rep=0, index=37): OrderedDict([('images', 'images/rey56.png')])
55.5110 	EXP 	image: autoDraw = False
55.5110 	EXP 	image: image = 'images/rey56.png'
55.5110 	EXP 	image: autoDraw = True
55.7825 	DATA 	Keypress: space
55.7854 	EXP 	New trial (rep=0, index=38): OrderedDict([('images', 'images/mortero67.png')])
55.8731 	EXP 	image: autoDraw = False
55.8731 	EXP 	image: image = 'images/mortero67.png'
55.8731 	EXP 	image: autoDraw = True
56.1985 	DATA 	Keypress: space
56.2013 	EXP 	New trial (rep=0, index=39): OrderedDict([('images', 'images/enchufe53.png')])
56.2950 	EXP 	image: autoDraw = False
56.2950 	EXP 	image: image = 'images/enchufe53.png'
56.2950 	EXP 	image: autoDraw = True
56.6816 	DATA 	Keypress: space
56.6844 	EXP 	New trial (rep=0, index=40): OrderedDict([('images', 'images/canasta30.png')])
56.8204 	EXP 	image: autoDraw = False
56.8204 	EXP 	image: image = 'images/canasta30.png'
56.8204 	EXP 	image: autoDraw = True
57.1479 	DATA 	Keypress: space
57.1507 	EXP 	New trial (rep=0, index=41): OrderedDict([('images', 'images/reloj23.png')])
57.2649 	EXP 	image: autoDraw = False
57.2649 	EXP 	image: image = 'images/reloj23.png'
57.2649 	EXP 	image: autoDraw = True
57.5809 	DATA 	Keypress: space
57.5837 	EXP 	New trial (rep=0, index=42): OrderedDict([('images', 'images/enfermera47.png')])
57.7433 	EXP 	image: autoDraw = False
57.7433 	EXP 	image: image = 'images/enfermera47.png'
57.7433 	EXP 	image: autoDraw = True
58.0143 	DATA 	Keypress: space
58.0172 	EXP 	New trial (rep=0, index=43): OrderedDict([('images', 'images/pala59.png')])
58.1032 	EXP 	image: autoDraw = False
58.1032 	EXP 	image: image = 'images/pala59.png'
58.1032 	EXP 	image: autoDraw = True
58.4304 	DATA 	Keypress: space
58.4331 	EXP 	New trial (rep=0, index=44): OrderedDict([('images', 'images/mano1.png')])
58.5510 	EXP 	image: autoDraw = False
58.5510 	EXP 	image: image = 'images/mano1.png'
58.5510 	EXP 	image: autoDraw = True
58.8821 	DATA 	Keypress: space
58.8857 	EXP 	New trial (rep=0, index=45): OrderedDict([('images', 'images/cierre44.png')])
58.9699 	EXP 	image: autoDraw = False
58.9699 	EXP 	image: image = 'images/cierre44.png'
58.9699 	EXP 	image: autoDraw = True
59.3135 	DATA 	Keypress: space
59.3164 	EXP 	New trial (rep=0, index=46): OrderedDict([('images', 'images/oso24.png')])
59.3988 	EXP 	image: autoDraw = False
59.3988 	EXP 	image: image = 'images/oso24.png'
59.3988 	EXP 	image: autoDraw = True
59.8817 	DATA 	Keypress: space
59.8851 	EXP 	New trial (rep=0, index=47): OrderedDict([('images', 'images/peluca54.png')])
59.9796 	EXP 	image: autoDraw = False
59.9796 	EXP 	image: image = 'images/peluca54.png'
59.9796 	EXP 	image: autoDraw = True
60.0963 	DATA 	Keypress: space
60.0990 	EXP 	New trial (rep=0, index=48): OrderedDict([('images', 'images/nido52.png')])
60.1967 	EXP 	image: autoDraw = False
60.1967 	EXP 	image: image = 'images/nido52.png'
60.1967 	EXP 	image: autoDraw = True
60.2796 	DATA 	Keypress: space
60.2823 	EXP 	New trial (rep=0, index=49): OrderedDict([('images', 'images/volantin32.png')])
60.3615 	EXP 	image: autoDraw = False
60.3615 	EXP 	image: image = 'images/volantin32.png'
60.3615 	EXP 	image: autoDraw = True
60.4465 	DATA 	Keypress: space
60.4492 	EXP 	New trial (rep=0, index=50): OrderedDict([('images', 'images/flecha49.png')])
60.5206 	EXP 	image: autoDraw = False
60.5206 	EXP 	image: image = 'images/flecha49.png'
60.5206 	EXP 	image: autoDraw = True
60.6296 	DATA 	Keypress: space
60.6324 	EXP 	New trial (rep=0, index=51): OrderedDict([('images', 'images/arbol.png')])
60.7668 	EXP 	image: autoDraw = False
60.7668 	EXP 	image: image = 'images/arbol.png'
60.7668 	EXP 	image: autoDraw = True
61.2958 	DATA 	Keypress: space
61.2986 	EXP 	New trial (rep=0, index=52): OrderedDict([('images', 'images/mariposa9.png')])
61.3830 	EXP 	image: autoDraw = False
61.3830 	EXP 	image: image = 'images/mariposa9.png'
61.3830 	EXP 	image: autoDraw = True
61.7287 	DATA 	Keypress: space
61.7314 	EXP 	New trial (rep=0, index=53): OrderedDict([('images', 'images/hueso42.png')])
61.8158 	EXP 	image: autoDraw = False
61.8158 	EXP 	image: image = 'images/hueso42.png'
61.8158 	EXP 	image: autoDraw = True
62.0159 	DATA 	Keypress: space
62.0187 	EXP 	New trial (rep=0, index=54): OrderedDict([('images', 'images/plancha38.png')])
62.1098 	EXP 	image: autoDraw = False
62.1098 	EXP 	image: image = 'images/plancha38.png'
62.1098 	EXP 	image: autoDraw = True
62.2951 	DATA 	Keypress: space
62.2980 	EXP 	New trial (rep=0, index=55): OrderedDict([('images', 'images/luna13.png')])
62.3973 	EXP 	image: autoDraw = False
62.3973 	EXP 	image: image = 'images/luna13.png'
62.3973 	EXP 	image: autoDraw = True
62.4952 	DATA 	Keypress: space
62.4981 	EXP 	New trial (rep=0, index=56): OrderedDict([('images', 'images/cama4.png')])
62.5797 	EXP 	image: autoDraw = False
62.5797 	EXP 	image: image = 'images/cama4.png'
62.5797 	EXP 	image: autoDraw = True
62.7116 	DATA 	Keypress: space
62.7144 	EXP 	New trial (rep=0, index=57): OrderedDict([('images', 'images/tijera10.png')])
62.7912 	EXP 	image: autoDraw = False
62.7912 	EXP 	image: image = 'images/tijera10.png'
62.7912 	EXP 	image: autoDraw = True
62.9114 	DATA 	Keypress: space
62.9138 	EXP 	New trial (rep=0, index=58): OrderedDict([('images', 'images/pavoreal40.png')])
62.9848 	EXP 	image: autoDraw = False
62.9848 	EXP 	image: image = 'images/pavoreal40.png'
62.9848 	EXP 	image: autoDraw = True
63.1281 	DATA 	Keypress: space
63.1308 	EXP 	New trial (rep=0, index=59): OrderedDict([('images', 'images/arcoiris33.png')])
63.2088 	EXP 	image: autoDraw = False
63.2088 	EXP 	image: image = 'images/arcoiris33.png'
63.2088 	EXP 	image: autoDraw = True
63.3282 	DATA 	Keypress: space
63.3309 	EXP 	New trial (rep=0, index=60): OrderedDict([('images', 'images/bruja34.png')])
63.4122 	EXP 	image: autoDraw = False
63.4122 	EXP 	image: image = 'images/bruja34.png'
63.4122 	EXP 	image: autoDraw = True
63.5444 	DATA 	Keypress: space
63.5475 	EXP 	New trial (rep=0, index=61): OrderedDict([('images', 'images/rastrillo50.png')])
63.6906 	EXP 	image: autoDraw = False
63.6906 	EXP 	image: image = 'images/rastrillo50.png'
63.6906 	EXP 	image: autoDraw = True
63.7777 	DATA 	Keypress: space
63.7805 	EXP 	New trial (rep=0, index=62): OrderedDict([('images', 'images/manometro64.png')])
63.8850 	EXP 	image: autoDraw = False
63.8850 	EXP 	image: image = 'images/manometro64.png'
63.8850 	EXP 	image: autoDraw = True
63.9963 	DATA 	Keypress: space
64.0142 	EXP 	New trial (rep=0, index=63): OrderedDict([('images', 'images/perro2.png')])
64.0875 	EXP 	image: autoDraw = False
64.0875 	EXP 	image: image = 'images/perro2.png'
64.0875 	EXP 	image: autoDraw = True
64.2608 	DATA 	Keypress: space
64.2636 	EXP 	New trial (rep=0, index=64): OrderedDict([('images', 'images/escotilla65.png')])
64.3434 	EXP 	image: autoDraw = False
64.3434 	EXP 	image: image = 'images/escotilla65.png'
64.3434 	EXP 	image: autoDraw = True
64.4937 	DATA 	Keypress: space
64.4967 	EXP 	New trial (rep=0, index=65): OrderedDict([('images', 'images/avion14.png')])
64.5819 	EXP 	image: autoDraw = False
64.5819 	EXP 	image: image = 'images/avion14.png'
64.5819 	EXP 	image: autoDraw = True
64.9436 	DATA 	Keypress: space
64.9464 	EXP 	New trial (rep=0, index=66): OrderedDict([('images', 'images/ampolleta21.png')])
65.0297 	EXP 	image: autoDraw = False
65.0297 	EXP 	image: image = 'images/ampolleta21.png'
65.0297 	EXP 	image: autoDraw = True
65.3108 	DATA 	Keypress: space
65.3834 	EXP 	image: autoDraw = False
65.3834 	EXP 	text_2: text = 'Thanks for your participation\n'
65.3834 	EXP 	text_2: autoDraw = True
66.3259 	EXP 	text_2: autoDraw = False
66.3259 	EXP 	text_2: autoDraw = False
66.4678 	EXP 	window1: mouseVisible = True
